{"/Users/mj2/Documents/namasteReact/src/components/Contact.js": {"path":"/Users/mj2/Documents/namasteReact/src/components/Contact.js","statementMap":{"0":{"start":{"line":1,"column":16},"end":{"line":22,"column":1}},"1":{"start":{"line":2,"column":2},"end":{"line":21,"column":4}}},"fnMap":{"0":{"name":"(anonymous_0)","decl":{"start":{"line":1,"column":16},"end":{"line":1,"column":17}},"loc":{"start":{"line":1,"column":22},"end":{"line":22,"column":1}},"line":1}},"branchMap":{},"s":{"0":1,"1":4},"f":{"0":4},"b":{},"_coverageSchema":"1a1c01bbd47fc00a2c39e90264f33305004495a9","hash":"71d711098eccbc46a1535b63b69120d15ec2989e"}
,"/Users/mj2/Documents/namasteReact/src/components/Header.js": {"path":"/Users/mj2/Documents/namasteReact/src/components/Header.js","statementMap":{"0":{"start":{"line":15,"column":15},"end":{"line":68,"column":1}},"1":{"start":{"line":16,"column":34},"end":{"line":16,"column":51}},"2":{"start":{"line":17,"column":23},"end":{"line":17,"column":40}},"3":{"start":{"line":19,"column":27},"end":{"line":19,"column":43}},"4":{"start":{"line":20,"column":27},"end":{"line":20,"column":49}},"5":{"start":{"line":23,"column":20},"end":{"line":23,"column":60}},"6":{"start":{"line":23,"column":43},"end":{"line":23,"column":59}},"7":{"start":{"line":25,"column":16},"end":{"line":27,"column":41}},"8":{"start":{"line":26,"column":19},"end":{"line":26,"column":32}},"9":{"start":{"line":27,"column":27},"end":{"line":27,"column":37}},"10":{"start":{"line":29,"column":2},"end":{"line":67,"column":4}},"11":{"start":{"line":55,"column":14},"end":{"line":57,"column":39}}},"fnMap":{"0":{"name":"(anonymous_0)","decl":{"start":{"line":15,"column":15},"end":{"line":15,"column":16}},"loc":{"start":{"line":15,"column":21},"end":{"line":68,"column":1}},"line":15},"1":{"name":"(anonymous_1)","decl":{"start":{"line":23,"column":32},"end":{"line":23,"column":33}},"loc":{"start":{"line":23,"column":43},"end":{"line":23,"column":59}},"line":23},"2":{"name":"(anonymous_2)","decl":{"start":{"line":26,"column":9},"end":{"line":26,"column":10}},"loc":{"start":{"line":26,"column":19},"end":{"line":26,"column":32}},"line":26},"3":{"name":"(anonymous_3)","decl":{"start":{"line":27,"column":12},"end":{"line":27,"column":13}},"loc":{"start":{"line":27,"column":27},"end":{"line":27,"column":37}},"line":27},"4":{"name":"(anonymous_4)","decl":{"start":{"line":54,"column":21},"end":{"line":54,"column":22}},"loc":{"start":{"line":54,"column":27},"end":{"line":58,"column":13}},"line":54}},"branchMap":{"0":{"loc":{"start":{"line":55,"column":14},"end":{"line":57,"column":38}},"type":"cond-expr","locations":[{"start":{"line":56,"column":18},"end":{"line":56,"column":39}},{"start":{"line":57,"column":18},"end":{"line":57,"column":38}}],"line":55}},"s":{"0":1,"1":4,"2":4,"3":4,"4":4,"5":4,"6":7,"7":4,"8":0,"9":0,"10":4,"11":1},"f":{"0":4,"1":7,"2":0,"3":0,"4":1},"b":{"0":[1,0]},"_coverageSchema":"1a1c01bbd47fc00a2c39e90264f33305004495a9","hash":"3067df79eaf770b9dbfcbfee637390b79d8da758"}
,"/Users/mj2/Documents/namasteReact/src/components/RestaurantCard.js": {"path":"/Users/mj2/Documents/namasteReact/src/components/RestaurantCard.js","statementMap":{"0":{"start":{"line":4,"column":23},"end":{"line":43,"column":1}},"1":{"start":{"line":14,"column":6},"end":{"line":14,"column":19}},"2":{"start":{"line":16,"column":2},"end":{"line":42,"column":4}},"3":{"start":{"line":47,"column":28},"end":{"line":55,"column":1}},"4":{"start":{"line":48,"column":2},"end":{"line":54,"column":4}},"5":{"start":{"line":49,"column":4},"end":{"line":53,"column":6}}},"fnMap":{"0":{"name":"(anonymous_0)","decl":{"start":{"line":4,"column":23},"end":{"line":4,"column":24}},"loc":{"start":{"line":4,"column":40},"end":{"line":43,"column":1}},"line":4},"1":{"name":"(anonymous_1)","decl":{"start":{"line":47,"column":28},"end":{"line":47,"column":29}},"loc":{"start":{"line":47,"column":48},"end":{"line":55,"column":1}},"line":47},"2":{"name":"(anonymous_2)","decl":{"start":{"line":48,"column":9},"end":{"line":48,"column":10}},"loc":{"start":{"line":48,"column":20},"end":{"line":54,"column":3}},"line":48}},"branchMap":{"0":{"loc":{"start":{"line":25,"column":11},"end":{"line":28,"column":64}},"type":"binary-expr","locations":[{"start":{"line":25,"column":11},"end":{"line":25,"column":50}},{"start":{"line":26,"column":12},"end":{"line":28,"column":64}}],"line":25}},"s":{"0":1,"1":1,"2":1,"3":1,"4":0,"5":0},"f":{"0":1,"1":0,"2":0},"b":{"0":[1,1]},"_coverageSchema":"1a1c01bbd47fc00a2c39e90264f33305004495a9","hash":"4cf0dbb56f63312eff3d9681098b7666b2185149"}
,"/Users/mj2/Documents/namasteReact/src/components/SearchBar.js": {"path":"/Users/mj2/Documents/namasteReact/src/components/SearchBar.js","statementMap":{"0":{"start":{"line":4,"column":18},"end":{"line":32,"column":1}},"1":{"start":{"line":5,"column":15},"end":{"line":5,"column":34}},"2":{"start":{"line":6,"column":36},"end":{"line":6,"column":48}},"3":{"start":{"line":7,"column":42},"end":{"line":7,"column":56}},"4":{"start":{"line":9,"column":2},"end":{"line":31,"column":4}},"5":{"start":{"line":15,"column":25},"end":{"line":15,"column":53}},"6":{"start":{"line":21,"column":12},"end":{"line":24,"column":13}},"7":{"start":{"line":23,"column":14},"end":{"line":23,"column":76}},"8":{"start":{"line":25,"column":10},"end":{"line":25,"column":40}}},"fnMap":{"0":{"name":"(anonymous_0)","decl":{"start":{"line":4,"column":18},"end":{"line":4,"column":19}},"loc":{"start":{"line":4,"column":24},"end":{"line":32,"column":1}},"line":4},"1":{"name":"(anonymous_1)","decl":{"start":{"line":15,"column":18},"end":{"line":15,"column":19}},"loc":{"start":{"line":15,"column":25},"end":{"line":15,"column":53}},"line":15},"2":{"name":"(anonymous_2)","decl":{"start":{"line":19,"column":17},"end":{"line":19,"column":18}},"loc":{"start":{"line":19,"column":23},"end":{"line":26,"column":9}},"line":19},"3":{"name":"(anonymous_3)","decl":{"start":{"line":22,"column":24},"end":{"line":22,"column":25}},"loc":{"start":{"line":23,"column":14},"end":{"line":23,"column":76}},"line":23}},"branchMap":{"0":{"loc":{"start":{"line":21,"column":12},"end":{"line":24,"column":13}},"type":"binary-expr","locations":[{"start":{"line":21,"column":12},"end":{"line":21,"column":16}},{"start":{"line":22,"column":12},"end":{"line":24,"column":13}}],"line":21}},"s":{"0":1,"1":0,"2":0,"3":0,"4":0,"5":0,"6":0,"7":0,"8":0},"f":{"0":0,"1":0,"2":0,"3":0},"b":{"0":[0,0]},"_coverageSchema":"1a1c01bbd47fc00a2c39e90264f33305004495a9","hash":"35dac54d296f661bd5c8d09e4c87dcbc08514e94"}
,"/Users/mj2/Documents/namasteReact/src/components/sum.js": {"path":"/Users/mj2/Documents/namasteReact/src/components/sum.js","statementMap":{"0":{"start":{"line":1,"column":19},"end":{"line":3,"column":1}},"1":{"start":{"line":2,"column":2},"end":{"line":2,"column":15}}},"fnMap":{"0":{"name":"(anonymous_0)","decl":{"start":{"line":1,"column":19},"end":{"line":1,"column":20}},"loc":{"start":{"line":1,"column":29},"end":{"line":3,"column":1}},"line":1}},"branchMap":{},"s":{"0":1,"1":1},"f":{"0":1},"b":{},"_coverageSchema":"1a1c01bbd47fc00a2c39e90264f33305004495a9","hash":"59cb55ddccc63e9b919c339e78e37541c157e87a"}
,"/Users/mj2/Documents/namasteReact/src/redux/store.js": {"path":"/Users/mj2/Documents/namasteReact/src/redux/store.js","statementMap":{"0":{"start":{"line":4,"column":14},"end":{"line":8,"column":2}}},"fnMap":{},"branchMap":{},"s":{"0":1},"f":{},"b":{},"_coverageSchema":"1a1c01bbd47fc00a2c39e90264f33305004495a9","hash":"3aba85379f871091bedacbc46d39937a77a61adb"}
,"/Users/mj2/Documents/namasteReact/src/redux/slices/cartSlice.js": {"path":"/Users/mj2/Documents/namasteReact/src/redux/slices/cartSlice.js","statementMap":{"0":{"start":{"line":3,"column":18},"end":{"line":42,"column":2}},"1":{"start":{"line":10,"column":26},"end":{"line":12,"column":7}},"2":{"start":{"line":11,"column":18},"end":{"line":11,"column":73}},"3":{"start":{"line":13,"column":6},"end":{"line":15,"column":66}},"4":{"start":{"line":14,"column":8},"end":{"line":14,"column":31}},"5":{"start":{"line":15,"column":13},"end":{"line":15,"column":66}},"6":{"start":{"line":18,"column":25},"end":{"line":20,"column":7}},"7":{"start":{"line":19,"column":18},"end":{"line":19,"column":73}},"8":{"start":{"line":21,"column":6},"end":{"line":21,"column":30}},"9":{"start":{"line":24,"column":6},"end":{"line":24,"column":29}},"10":{"start":{"line":27,"column":26},"end":{"line":29,"column":7}},"11":{"start":{"line":28,"column":18},"end":{"line":28,"column":73}},"12":{"start":{"line":30,"column":6},"end":{"line":30,"column":29}},"13":{"start":{"line":33,"column":26},"end":{"line":35,"column":7}},"14":{"start":{"line":34,"column":18},"end":{"line":34,"column":73}},"15":{"start":{"line":37,"column":6},"end":{"line":39,"column":36}},"16":{"start":{"line":38,"column":8},"end":{"line":38,"column":33}},"17":{"start":{"line":39,"column":13},"end":{"line":39,"column":36}},"18":{"start":{"line":50,"column":4},"end":{"line":50,"column":21}}},"fnMap":{"0":{"name":"(anonymous_0)","decl":{"start":{"line":9,"column":15},"end":{"line":9,"column":16}},"loc":{"start":{"line":9,"column":34},"end":{"line":16,"column":5}},"line":9},"1":{"name":"(anonymous_1)","decl":{"start":{"line":11,"column":8},"end":{"line":11,"column":9}},"loc":{"start":{"line":11,"column":18},"end":{"line":11,"column":73}},"line":11},"2":{"name":"(anonymous_2)","decl":{"start":{"line":17,"column":24},"end":{"line":17,"column":25}},"loc":{"start":{"line":17,"column":35},"end":{"line":22,"column":5}},"line":17},"3":{"name":"(anonymous_3)","decl":{"start":{"line":19,"column":8},"end":{"line":19,"column":9}},"loc":{"start":{"line":19,"column":18},"end":{"line":19,"column":73}},"line":19},"4":{"name":"(anonymous_4)","decl":{"start":{"line":23,"column":15},"end":{"line":23,"column":16}},"loc":{"start":{"line":23,"column":26},"end":{"line":25,"column":5}},"line":23},"5":{"name":"(anonymous_5)","decl":{"start":{"line":26,"column":19},"end":{"line":26,"column":20}},"loc":{"start":{"line":26,"column":38},"end":{"line":31,"column":5}},"line":26},"6":{"name":"(anonymous_6)","decl":{"start":{"line":28,"column":8},"end":{"line":28,"column":9}},"loc":{"start":{"line":28,"column":18},"end":{"line":28,"column":73}},"line":28},"7":{"name":"(anonymous_7)","decl":{"start":{"line":32,"column":19},"end":{"line":32,"column":20}},"loc":{"start":{"line":32,"column":38},"end":{"line":40,"column":5}},"line":32},"8":{"name":"(anonymous_8)","decl":{"start":{"line":34,"column":8},"end":{"line":34,"column":9}},"loc":{"start":{"line":34,"column":18},"end":{"line":34,"column":73}},"line":34}},"branchMap":{"0":{"loc":{"start":{"line":13,"column":6},"end":{"line":15,"column":66}},"type":"if","locations":[{"start":{"line":13,"column":6},"end":{"line":15,"column":66}},{"start":{"line":15,"column":13},"end":{"line":15,"column":66}}],"line":13},"1":{"loc":{"start":{"line":37,"column":6},"end":{"line":39,"column":36}},"type":"if","locations":[{"start":{"line":37,"column":6},"end":{"line":39,"column":36}},{"start":{"line":39,"column":13},"end":{"line":39,"column":36}}],"line":37}},"s":{"0":1,"1":0,"2":0,"3":0,"4":0,"5":0,"6":0,"7":0,"8":0,"9":0,"10":0,"11":0,"12":0,"13":0,"14":0,"15":0,"16":0,"17":0,"18":1},"f":{"0":0,"1":0,"2":0,"3":0,"4":0,"5":0,"6":0,"7":0,"8":0},"b":{"0":[0,0],"1":[0,0]},"_coverageSchema":"1a1c01bbd47fc00a2c39e90264f33305004495a9","hash":"7d34f685e580924cd77b58293dd174aa64b861f5"}
,"/Users/mj2/Documents/namasteReact/src/utils/constants.js": {"path":"/Users/mj2/Documents/namasteReact/src/utils/constants.js","statementMap":{"0":{"start":{"line":2,"column":2},"end":{"line":2,"column":85}},"1":{"start":{"line":5,"column":2},"end":{"line":5,"column":181}},"2":{"start":{"line":8,"column":2},"end":{"line":8,"column":125}},"3":{"start":{"line":11,"column":2},"end":{"line":11,"column":97}},"4":{"start":{"line":14,"column":2},"end":{"line":14,"column":111}},"5":{"start":{"line":17,"column":2},"end":{"line":17,"column":120}}},"fnMap":{},"branchMap":{},"s":{"0":2,"1":2,"2":2,"3":2,"4":2,"5":2},"f":{},"b":{},"_coverageSchema":"1a1c01bbd47fc00a2c39e90264f33305004495a9","hash":"6c1cab9b594548af222ce2cf24ddcf73057c6c53"}
,"/Users/mj2/Documents/namasteReact/src/utils/context/UserContext.js": {"path":"/Users/mj2/Documents/namasteReact/src/utils/context/UserContext.js","statementMap":{"0":{"start":{"line":3,"column":20},"end":{"line":5,"column":2}},"1":{"start":{"line":7,"column":26},"end":{"line":9,"column":2}},"2":{"start":{"line":12,"column":30},"end":{"line":12,"column":59}},"3":{"start":{"line":12,"column":36},"end":{"line":12,"column":59}},"4":{"start":{"line":13,"column":36},"end":{"line":13,"column":71}},"5":{"start":{"line":13,"column":42},"end":{"line":13,"column":71}},"6":{"start":{"line":15,"column":35},"end":{"line":32,"column":1}},"7":{"start":{"line":16,"column":34},"end":{"line":16,"column":44}},"8":{"start":{"line":18,"column":23},"end":{"line":23,"column":3}},"9":{"start":{"line":19,"column":17},"end":{"line":21,"column":5}},"10":{"start":{"line":22,"column":4},"end":{"line":22,"column":27}},"11":{"start":{"line":25,"column":2},"end":{"line":31,"column":4}}},"fnMap":{"0":{"name":"(anonymous_0)","decl":{"start":{"line":12,"column":30},"end":{"line":12,"column":31}},"loc":{"start":{"line":12,"column":36},"end":{"line":12,"column":59}},"line":12},"1":{"name":"(anonymous_1)","decl":{"start":{"line":13,"column":36},"end":{"line":13,"column":37}},"loc":{"start":{"line":13,"column":42},"end":{"line":13,"column":71}},"line":13},"2":{"name":"(anonymous_2)","decl":{"start":{"line":15,"column":35},"end":{"line":15,"column":36}},"loc":{"start":{"line":15,"column":53},"end":{"line":32,"column":1}},"line":15},"3":{"name":"(anonymous_3)","decl":{"start":{"line":18,"column":23},"end":{"line":18,"column":24}},"loc":{"start":{"line":18,"column":29},"end":{"line":23,"column":3}},"line":18}},"branchMap":{},"s":{"0":1,"1":1,"2":1,"3":4,"4":1,"5":4,"6":1,"7":0,"8":0,"9":0,"10":0,"11":0},"f":{"0":4,"1":4,"2":0,"3":0},"b":{},"_coverageSchema":"1a1c01bbd47fc00a2c39e90264f33305004495a9","hash":"e3548e313a1680d3ec7bd57d4a74570513fbe47d"}
,"/Users/mj2/Documents/namasteReact/src/utils/customHook/useOnlineStatus.js": {"path":"/Users/mj2/Documents/namasteReact/src/utils/customHook/useOnlineStatus.js","statementMap":{"0":{"start":{"line":3,"column":24},"end":{"line":16,"column":1}},"1":{"start":{"line":4,"column":42},"end":{"line":4,"column":56}},"2":{"start":{"line":6,"column":2},"end":{"line":13,"column":9}},"3":{"start":{"line":7,"column":4},"end":{"line":9,"column":7}},"4":{"start":{"line":8,"column":6},"end":{"line":8,"column":29}},"5":{"start":{"line":10,"column":4},"end":{"line":12,"column":7}},"6":{"start":{"line":11,"column":6},"end":{"line":11,"column":28}},"7":{"start":{"line":15,"column":2},"end":{"line":15,"column":22}}},"fnMap":{"0":{"name":"(anonymous_0)","decl":{"start":{"line":3,"column":24},"end":{"line":3,"column":25}},"loc":{"start":{"line":3,"column":30},"end":{"line":16,"column":1}},"line":3},"1":{"name":"(anonymous_1)","decl":{"start":{"line":6,"column":12},"end":{"line":6,"column":13}},"loc":{"start":{"line":6,"column":18},"end":{"line":13,"column":3}},"line":6},"2":{"name":"(anonymous_2)","decl":{"start":{"line":7,"column":39},"end":{"line":7,"column":40}},"loc":{"start":{"line":7,"column":45},"end":{"line":9,"column":5}},"line":7},"3":{"name":"(anonymous_3)","decl":{"start":{"line":10,"column":38},"end":{"line":10,"column":39}},"loc":{"start":{"line":10,"column":44},"end":{"line":12,"column":5}},"line":10}},"branchMap":{},"s":{"0":1,"1":4,"2":4,"3":3,"4":0,"5":3,"6":0,"7":4},"f":{"0":4,"1":3,"2":0,"3":0},"b":{},"_coverageSchema":"1a1c01bbd47fc00a2c39e90264f33305004495a9","hash":"ff67c2db432dd85267eb8d253aa53209b47a8318"}
,"/Users/mj2/Documents/namasteReact/src/utils/customHook/useRestaurantData.js": {"path":"/Users/mj2/Documents/namasteReact/src/utils/customHook/useRestaurantData.js","statementMap":{"0":{"start":{"line":4,"column":26},"end":{"line":23,"column":1}},"1":{"start":{"line":5,"column":26},"end":{"line":5,"column":38}},"2":{"start":{"line":7,"column":2},"end":{"line":9,"column":9}},"3":{"start":{"line":8,"column":4},"end":{"line":8,"column":16}},"4":{"start":{"line":11,"column":20},"end":{"line":21,"column":3}},"5":{"start":{"line":12,"column":16},"end":{"line":12,"column":41}},"6":{"start":{"line":13,"column":17},"end":{"line":13,"column":33}},"7":{"start":{"line":20,"column":4},"end":{"line":20,"column":31}},"8":{"start":{"line":22,"column":2},"end":{"line":22,"column":43}},"9":{"start":{"line":22,"column":31},"end":{"line":22,"column":43}}},"fnMap":{"0":{"name":"(anonymous_0)","decl":{"start":{"line":4,"column":26},"end":{"line":4,"column":27}},"loc":{"start":{"line":4,"column":32},"end":{"line":23,"column":1}},"line":4},"1":{"name":"(anonymous_1)","decl":{"start":{"line":7,"column":12},"end":{"line":7,"column":13}},"loc":{"start":{"line":7,"column":18},"end":{"line":9,"column":3}},"line":7},"2":{"name":"(anonymous_2)","decl":{"start":{"line":11,"column":20},"end":{"line":11,"column":21}},"loc":{"start":{"line":11,"column":32},"end":{"line":21,"column":3}},"line":11}},"branchMap":{"0":{"loc":{"start":{"line":22,"column":2},"end":{"line":22,"column":43}},"type":"if","locations":[{"start":{"line":22,"column":2},"end":{"line":22,"column":43}},{"start":{},"end":{}}],"line":22},"1":{"loc":{"start":{"line":22,"column":6},"end":{"line":22,"column":29}},"type":"binary-expr","locations":[{"start":{"line":22,"column":6},"end":{"line":22,"column":10}},{"start":{"line":22,"column":14},"end":{"line":22,"column":29}}],"line":22}},"s":{"0":1,"1":0,"2":0,"3":0,"4":0,"5":0,"6":0,"7":0,"8":0,"9":0},"f":{"0":0,"1":0,"2":0},"b":{"0":[0,0],"1":[0,0]},"_coverageSchema":"1a1c01bbd47fc00a2c39e90264f33305004495a9","hash":"1c409dcd897faa5848f61e19a9ae269ea92b76b7"}
}
