{"/Users/mj2/Documents/namasteReact/src/components/Body.js": {"path":"/Users/mj2/Documents/namasteReact/src/components/Body.js","statementMap":{"0":{"start":{"line":12,"column":20},"end":{"line":142,"column":1}},"1":{"start":{"line":13,"column":15},"end":{"line":13,"column":34}},"2":{"start":{"line":14,"column":42},"end":{"line":14,"column":54}},"3":{"start":{"line":15,"column":42},"end":{"line":15,"column":54}},"4":{"start":{"line":17,"column":23},"end":{"line":17,"column":40}},"5":{"start":{"line":20,"column":28},"end":{"line":20,"column":56}},"6":{"start":{"line":22,"column":2},"end":{"line":34,"column":13}},"7":{"start":{"line":23,"column":4},"end":{"line":27,"column":28}},"8":{"start":{"line":29,"column":4},"end":{"line":33,"column":28}},"9":{"start":{"line":36,"column":2},"end":{"line":39,"column":6}},"10":{"start":{"line":37,"column":4},"end":{"line":39,"column":6}},"11":{"start":{"line":41,"column":2},"end":{"line":43,"column":3}},"12":{"start":{"line":42,"column":4},"end":{"line":42,"column":23}},"13":{"start":{"line":45,"column":32},"end":{"line":45,"column":46}},"14":{"start":{"line":46,"column":28},"end":{"line":46,"column":39}},"15":{"start":{"line":48,"column":24},"end":{"line":58,"column":3}},"16":{"start":{"line":49,"column":16},"end":{"line":49,"column":41}},"17":{"start":{"line":50,"column":17},"end":{"line":50,"column":33}},"18":{"start":{"line":51,"column":4},"end":{"line":54,"column":7}},"19":{"start":{"line":51,"column":35},"end":{"line":54,"column":5}},"20":{"start":{"line":56,"column":4},"end":{"line":56,"column":72}},"21":{"start":{"line":57,"column":4},"end":{"line":57,"column":43}},"22":{"start":{"line":57,"column":28},"end":{"line":57,"column":41}},"23":{"start":{"line":60,"column":2},"end":{"line":141,"column":4}},"24":{"start":{"line":72,"column":16},"end":{"line":74,"column":23}},"25":{"start":{"line":95,"column":18},"end":{"line":97,"column":19}},"26":{"start":{"line":96,"column":30},"end":{"line":96,"column":55}},"27":{"start":{"line":99,"column":16},"end":{"line":99,"column":41}},"28":{"start":{"line":133,"column":10},"end":{"line":137,"column":17}}},"fnMap":{"0":{"name":"(anonymous_0)","decl":{"start":{"line":12,"column":20},"end":{"line":12,"column":21}},"loc":{"start":{"line":12,"column":26},"end":{"line":142,"column":1}},"line":12},"1":{"name":"(anonymous_1)","decl":{"start":{"line":22,"column":12},"end":{"line":22,"column":13}},"loc":{"start":{"line":22,"column":18},"end":{"line":34,"column":3}},"line":22},"2":{"name":"(anonymous_2)","decl":{"start":{"line":48,"column":24},"end":{"line":48,"column":25}},"loc":{"start":{"line":48,"column":36},"end":{"line":58,"column":3}},"line":48},"3":{"name":"(anonymous_3)","decl":{"start":{"line":51,"column":20},"end":{"line":51,"column":21}},"loc":{"start":{"line":51,"column":35},"end":{"line":54,"column":5}},"line":51},"4":{"name":"(anonymous_4)","decl":{"start":{"line":57,"column":13},"end":{"line":57,"column":14}},"loc":{"start":{"line":57,"column":28},"end":{"line":57,"column":41}},"line":57},"5":{"name":"(anonymous_5)","decl":{"start":{"line":71,"column":31},"end":{"line":71,"column":32}},"loc":{"start":{"line":72,"column":16},"end":{"line":74,"column":23}},"line":72},"6":{"name":"(anonymous_6)","decl":{"start":{"line":93,"column":23},"end":{"line":93,"column":24}},"loc":{"start":{"line":93,"column":29},"end":{"line":100,"column":15}},"line":93},"7":{"name":"(anonymous_7)","decl":{"start":{"line":96,"column":20},"end":{"line":96,"column":21}},"loc":{"start":{"line":96,"column":30},"end":{"line":96,"column":55}},"line":96},"8":{"name":"(anonymous_8)","decl":{"start":{"line":132,"column":26},"end":{"line":132,"column":27}},"loc":{"start":{"line":133,"column":10},"end":{"line":137,"column":17}},"line":133}},"branchMap":{"0":{"loc":{"start":{"line":23,"column":4},"end":{"line":27,"column":27}},"type":"cond-expr","locations":[{"start":{"line":24,"column":8},"end":{"line":26,"column":9}},{"start":{"line":27,"column":8},"end":{"line":27,"column":27}}],"line":23},"1":{"loc":{"start":{"line":23,"column":4},"end":{"line":23,"column":27}},"type":"binary-expr","locations":[{"start":{"line":23,"column":4},"end":{"line":23,"column":8}},{"start":{"line":23,"column":12},"end":{"line":23,"column":27}}],"line":23},"2":{"loc":{"start":{"line":29,"column":4},"end":{"line":33,"column":27}},"type":"cond-expr","locations":[{"start":{"line":30,"column":8},"end":{"line":32,"column":9}},{"start":{"line":33,"column":8},"end":{"line":33,"column":27}}],"line":29},"3":{"loc":{"start":{"line":29,"column":4},"end":{"line":29,"column":27}},"type":"binary-expr","locations":[{"start":{"line":29,"column":4},"end":{"line":29,"column":8}},{"start":{"line":29,"column":12},"end":{"line":29,"column":27}}],"line":29},"4":{"loc":{"start":{"line":36,"column":2},"end":{"line":39,"column":6}},"type":"if","locations":[{"start":{"line":36,"column":2},"end":{"line":39,"column":6}},{"start":{},"end":{}}],"line":36},"5":{"loc":{"start":{"line":41,"column":2},"end":{"line":43,"column":3}},"type":"if","locations":[{"start":{"line":41,"column":2},"end":{"line":43,"column":3}},{"start":{},"end":{}}],"line":41},"6":{"loc":{"start":{"line":56,"column":4},"end":{"line":56,"column":71}},"type":"cond-expr","locations":[{"start":{"line":56,"column":35},"end":{"line":56,"column":51}},{"start":{"line":56,"column":54},"end":{"line":56,"column":71}}],"line":56},"7":{"loc":{"start":{"line":70,"column":13},"end":{"line":78,"column":13}},"type":"cond-expr","locations":[{"start":{"line":71,"column":14},"end":{"line":75,"column":16}},{"start":{"line":77,"column":14},"end":{"line":77,"column":25}}],"line":70}},"s":{"0":1,"1":10,"2":10,"3":10,"4":10,"5":10,"6":10,"7":4,"8":4,"9":10,"10":0,"11":10,"12":0,"13":10,"14":10,"15":10,"16":0,"17":0,"18":0,"19":0,"20":0,"21":0,"22":0,"23":10,"24":80,"25":1,"26":9,"27":1,"28":21},"f":{"0":10,"1":4,"2":0,"3":0,"4":0,"5":80,"6":1,"7":9,"8":21},"b":{"0":[2,2],"1":[4,2],"2":[2,2],"3":[4,2],"4":[0,10],"5":[0,10],"6":[0,0],"7":[10,0]},"_coverageSchema":"1a1c01bbd47fc00a2c39e90264f33305004495a9","hash":"fe2359346fcde28af59d11e40ca04b66ddf0e9ff"}
,"/Users/mj2/Documents/namasteReact/src/components/Cart.js": {"path":"/Users/mj2/Documents/namasteReact/src/components/Cart.js","statementMap":{"0":{"start":{"line":5,"column":13},"end":{"line":67,"column":1}},"1":{"start":{"line":6,"column":20},"end":{"line":6,"column":60}},"2":{"start":{"line":6,"column":43},"end":{"line":6,"column":59}},"3":{"start":{"line":8,"column":22},"end":{"line":12,"column":3}},"4":{"start":{"line":9,"column":4},"end":{"line":11,"column":76}},"5":{"start":{"line":14,"column":20},"end":{"line":14,"column":68}},"6":{"start":{"line":14,"column":54},"end":{"line":14,"column":64}},"7":{"start":{"line":15,"column":14},"end":{"line":15,"column":66}},"8":{"start":{"line":16,"column":21},"end":{"line":16,"column":45}},"9":{"start":{"line":18,"column":2},"end":{"line":66,"column":4}}},"fnMap":{"0":{"name":"(anonymous_0)","decl":{"start":{"line":5,"column":13},"end":{"line":5,"column":14}},"loc":{"start":{"line":5,"column":19},"end":{"line":67,"column":1}},"line":5},"1":{"name":"(anonymous_1)","decl":{"start":{"line":6,"column":32},"end":{"line":6,"column":33}},"loc":{"start":{"line":6,"column":43},"end":{"line":6,"column":59}},"line":6},"2":{"name":"(anonymous_2)","decl":{"start":{"line":8,"column":36},"end":{"line":8,"column":37}},"loc":{"start":{"line":9,"column":4},"end":{"line":11,"column":76}},"line":9},"3":{"name":"(anonymous_3)","decl":{"start":{"line":14,"column":39},"end":{"line":14,"column":40}},"loc":{"start":{"line":14,"column":54},"end":{"line":14,"column":64}},"line":14}},"branchMap":{"0":{"loc":{"start":{"line":9,"column":4},"end":{"line":11,"column":76}},"type":"cond-expr","locations":[{"start":{"line":10,"column":8},"end":{"line":10,"column":37}},{"start":{"line":11,"column":8},"end":{"line":11,"column":76}}],"line":9},"1":{"loc":{"start":{"line":22,"column":9},"end":{"line":63,"column":9}},"type":"cond-expr","locations":[{"start":{"line":23,"column":10},"end":{"line":58,"column":16}},{"start":{"line":60,"column":10},"end":{"line":62,"column":16}}],"line":22},"2":{"loc":{"start":{"line":22,"column":9},"end":{"line":22,"column":43}},"type":"binary-expr","locations":[{"start":{"line":22,"column":9},"end":{"line":22,"column":18}},{"start":{"line":22,"column":22},"end":{"line":22,"column":43}}],"line":22}},"s":{"0":1,"1":3,"2":6,"3":3,"4":6,"5":3,"6":6,"7":3,"8":3,"9":3},"f":{"0":3,"1":6,"2":6,"3":6},"b":{"0":[6,0],"1":[3,0],"2":[3,3]},"_coverageSchema":"1a1c01bbd47fc00a2c39e90264f33305004495a9","hash":"47c63e6b2dd5344fffe884bb5d40ad2fecfb8a41"}
,"/Users/mj2/Documents/namasteReact/src/components/CartItems.js": {"path":"/Users/mj2/Documents/namasteReact/src/components/CartItems.js","statementMap":{"0":{"start":{"line":9,"column":18},"end":{"line":90,"column":1}},"1":{"start":{"line":10,"column":19},"end":{"line":10,"column":32}},"2":{"start":{"line":11,"column":27},"end":{"line":13,"column":3}},"3":{"start":{"line":12,"column":4},"end":{"line":12,"column":38}},"4":{"start":{"line":15,"column":27},"end":{"line":17,"column":3}},"5":{"start":{"line":16,"column":4},"end":{"line":16,"column":38}},"6":{"start":{"line":18,"column":2},"end":{"line":89,"column":4}},"7":{"start":{"line":23,"column":10},"end":{"line":86,"column":16}},"8":{"start":{"line":65,"column":41},"end":{"line":65,"column":63}},"9":{"start":{"line":76,"column":41},"end":{"line":76,"column":63}}},"fnMap":{"0":{"name":"(anonymous_0)","decl":{"start":{"line":9,"column":18},"end":{"line":9,"column":19}},"loc":{"start":{"line":9,"column":33},"end":{"line":90,"column":1}},"line":9},"1":{"name":"(anonymous_1)","decl":{"start":{"line":11,"column":27},"end":{"line":11,"column":28}},"loc":{"start":{"line":11,"column":41},"end":{"line":13,"column":3}},"line":11},"2":{"name":"(anonymous_2)","decl":{"start":{"line":15,"column":27},"end":{"line":15,"column":28}},"loc":{"start":{"line":15,"column":41},"end":{"line":17,"column":3}},"line":15},"3":{"name":"(anonymous_3)","decl":{"start":{"line":22,"column":18},"end":{"line":22,"column":19}},"loc":{"start":{"line":23,"column":10},"end":{"line":86,"column":16}},"line":23},"4":{"name":"(anonymous_4)","decl":{"start":{"line":65,"column":35},"end":{"line":65,"column":36}},"loc":{"start":{"line":65,"column":41},"end":{"line":65,"column":63}},"line":65},"5":{"name":"(anonymous_5)","decl":{"start":{"line":76,"column":35},"end":{"line":76,"column":36}},"loc":{"start":{"line":76,"column":41},"end":{"line":76,"column":63}},"line":76}},"branchMap":{"0":{"loc":{"start":{"line":20,"column":7},"end":{"line":87,"column":10}},"type":"binary-expr","locations":[{"start":{"line":20,"column":7},"end":{"line":20,"column":12}},{"start":{"line":21,"column":8},"end":{"line":21,"column":24}},{"start":{"line":22,"column":8},"end":{"line":87,"column":10}}],"line":20},"1":{"loc":{"start":{"line":32,"column":19},"end":{"line":36,"column":19}},"type":"binary-expr","locations":[{"start":{"line":32,"column":19},"end":{"line":32,"column":49}},{"start":{"line":33,"column":20},"end":{"line":35,"column":27}}],"line":32},"2":{"loc":{"start":{"line":43,"column":19},"end":{"line":46,"column":46}},"type":"cond-expr","locations":[{"start":{"line":44,"column":22},"end":{"line":44,"column":51}},{"start":{"line":45,"column":22},"end":{"line":46,"column":46}}],"line":43},"3":{"loc":{"start":{"line":51,"column":19},"end":{"line":59,"column":19}},"type":"cond-expr","locations":[{"start":{"line":52,"column":20},"end":{"line":56,"column":22}},{"start":{"line":58,"column":20},"end":{"line":58,"column":72}}],"line":51}},"s":{"0":1,"1":3,"2":3,"3":1,"4":3,"5":0,"6":3,"7":6,"8":0,"9":1},"f":{"0":3,"1":1,"2":0,"3":6,"4":0,"5":1},"b":{"0":[3,3,3],"1":[6,0],"2":[6,0],"3":[6,0]},"_coverageSchema":"1a1c01bbd47fc00a2c39e90264f33305004495a9","hash":"2ccaf5f33ea6dc9ea4144192d0a3d4f4a386e0bf"}
,"/Users/mj2/Documents/namasteReact/src/components/Header.js": {"path":"/Users/mj2/Documents/namasteReact/src/components/Header.js","statementMap":{"0":{"start":{"line":15,"column":15},"end":{"line":68,"column":1}},"1":{"start":{"line":16,"column":34},"end":{"line":16,"column":51}},"2":{"start":{"line":17,"column":23},"end":{"line":17,"column":40}},"3":{"start":{"line":19,"column":27},"end":{"line":19,"column":43}},"4":{"start":{"line":20,"column":27},"end":{"line":20,"column":49}},"5":{"start":{"line":23,"column":20},"end":{"line":23,"column":60}},"6":{"start":{"line":23,"column":43},"end":{"line":23,"column":59}},"7":{"start":{"line":25,"column":16},"end":{"line":27,"column":41}},"8":{"start":{"line":26,"column":19},"end":{"line":26,"column":32}},"9":{"start":{"line":27,"column":27},"end":{"line":27,"column":37}},"10":{"start":{"line":29,"column":2},"end":{"line":67,"column":4}},"11":{"start":{"line":55,"column":14},"end":{"line":57,"column":39}}},"fnMap":{"0":{"name":"(anonymous_0)","decl":{"start":{"line":15,"column":15},"end":{"line":15,"column":16}},"loc":{"start":{"line":15,"column":21},"end":{"line":68,"column":1}},"line":15},"1":{"name":"(anonymous_1)","decl":{"start":{"line":23,"column":32},"end":{"line":23,"column":33}},"loc":{"start":{"line":23,"column":43},"end":{"line":23,"column":59}},"line":23},"2":{"name":"(anonymous_2)","decl":{"start":{"line":26,"column":9},"end":{"line":26,"column":10}},"loc":{"start":{"line":26,"column":19},"end":{"line":26,"column":32}},"line":26},"3":{"name":"(anonymous_3)","decl":{"start":{"line":27,"column":12},"end":{"line":27,"column":13}},"loc":{"start":{"line":27,"column":27},"end":{"line":27,"column":37}},"line":27},"4":{"name":"(anonymous_4)","decl":{"start":{"line":54,"column":21},"end":{"line":54,"column":22}},"loc":{"start":{"line":54,"column":27},"end":{"line":58,"column":13}},"line":54}},"branchMap":{"0":{"loc":{"start":{"line":55,"column":14},"end":{"line":57,"column":38}},"type":"cond-expr","locations":[{"start":{"line":56,"column":18},"end":{"line":56,"column":39}},{"start":{"line":57,"column":18},"end":{"line":57,"column":38}}],"line":55}},"s":{"0":2,"1":9,"2":9,"3":9,"4":9,"5":9,"6":17,"7":9,"8":8,"9":8,"10":9,"11":1},"f":{"0":9,"1":17,"2":8,"3":8,"4":1},"b":{"0":[1,0]},"_coverageSchema":"1a1c01bbd47fc00a2c39e90264f33305004495a9","hash":"3067df79eaf770b9dbfcbfee637390b79d8da758"}
,"/Users/mj2/Documents/namasteReact/src/components/RestaurantMenu.js": {"path":"/Users/mj2/Documents/namasteReact/src/components/RestaurantMenu.js","statementMap":{"0":{"start":{"line":8,"column":23},"end":{"line":64,"column":1}},"1":{"start":{"line":9,"column":21},"end":{"line":9,"column":32}},"2":{"start":{"line":10,"column":19},"end":{"line":10,"column":44}},"3":{"start":{"line":12,"column":2},"end":{"line":12,"column":44}},"4":{"start":{"line":12,"column":25},"end":{"line":12,"column":44}},"5":{"start":{"line":15,"column":4},"end":{"line":19,"column":5}},"6":{"start":{"line":17,"column":8},"end":{"line":18,"column":70}},"7":{"start":{"line":21,"column":2},"end":{"line":63,"column":4}},"8":{"start":{"line":54,"column":12},"end":{"line":59,"column":14}}},"fnMap":{"0":{"name":"(anonymous_0)","decl":{"start":{"line":8,"column":23},"end":{"line":8,"column":24}},"loc":{"start":{"line":8,"column":29},"end":{"line":64,"column":1}},"line":8},"1":{"name":"(anonymous_1)","decl":{"start":{"line":16,"column":6},"end":{"line":16,"column":7}},"loc":{"start":{"line":17,"column":8},"end":{"line":18,"column":70}},"line":17},"2":{"name":"(anonymous_2)","decl":{"start":{"line":53,"column":31},"end":{"line":53,"column":32}},"loc":{"start":{"line":54,"column":12},"end":{"line":59,"column":14}},"line":54}},"branchMap":{"0":{"loc":{"start":{"line":12,"column":2},"end":{"line":12,"column":44}},"type":"if","locations":[{"start":{"line":12,"column":2},"end":{"line":12,"column":44}},{"start":{},"end":{}}],"line":12},"1":{"loc":{"start":{"line":52,"column":9},"end":{"line":60,"column":12}},"type":"binary-expr","locations":[{"start":{"line":52,"column":9},"end":{"line":52,"column":25}},{"start":{"line":53,"column":10},"end":{"line":60,"column":12}}],"line":52}},"s":{"0":1,"1":8,"2":8,"3":8,"4":0,"5":8,"6":72,"7":8,"8":60},"f":{"0":8,"1":72,"2":60},"b":{"0":[0,8],"1":[8,4]},"_coverageSchema":"1a1c01bbd47fc00a2c39e90264f33305004495a9","hash":"3adc1086e32df308e9a8991aa134baccfd280bf7"}
,"/Users/mj2/Documents/namasteReact/src/components/RestaurantMenuItem.js": {"path":"/Users/mj2/Documents/namasteReact/src/components/RestaurantMenuItem.js","statementMap":{"0":{"start":{"line":7,"column":27},"end":{"line":59,"column":1}},"1":{"start":{"line":8,"column":2},"end":{"line":58,"column":4}},"2":{"start":{"line":11,"column":8},"end":{"line":55,"column":14}}},"fnMap":{"0":{"name":"(anonymous_0)","decl":{"start":{"line":7,"column":27},"end":{"line":7,"column":28}},"loc":{"start":{"line":7,"column":42},"end":{"line":59,"column":1}},"line":7},"1":{"name":"(anonymous_1)","decl":{"start":{"line":10,"column":17},"end":{"line":10,"column":18}},"loc":{"start":{"line":11,"column":8},"end":{"line":55,"column":14}},"line":11}},"branchMap":{"0":{"loc":{"start":{"line":20,"column":17},"end":{"line":24,"column":17}},"type":"binary-expr","locations":[{"start":{"line":20,"column":17},"end":{"line":20,"column":47}},{"start":{"line":21,"column":18},"end":{"line":23,"column":25}}],"line":20},"1":{"loc":{"start":{"line":31,"column":17},"end":{"line":34,"column":44}},"type":"cond-expr","locations":[{"start":{"line":32,"column":20},"end":{"line":32,"column":49}},{"start":{"line":33,"column":20},"end":{"line":34,"column":44}}],"line":31},"2":{"loc":{"start":{"line":42,"column":17},"end":{"line":50,"column":17}},"type":"cond-expr","locations":[{"start":{"line":43,"column":18},"end":{"line":47,"column":20}},{"start":{"line":49,"column":18},"end":{"line":49,"column":70}}],"line":42}},"s":{"0":1,"1":60,"2":548},"f":{"0":60,"1":548},"b":{"0":[548,68],"1":[540,8],"2":[408,140]},"_coverageSchema":"1a1c01bbd47fc00a2c39e90264f33305004495a9","hash":"9d5ff19553ea649d3f13b792c4aa595e78a851eb"}
,"/Users/mj2/Documents/namasteReact/src/components/SearchBar.js": {"path":"/Users/mj2/Documents/namasteReact/src/components/SearchBar.js","statementMap":{"0":{"start":{"line":4,"column":18},"end":{"line":33,"column":1}},"1":{"start":{"line":6,"column":36},"end":{"line":6,"column":48}},"2":{"start":{"line":8,"column":2},"end":{"line":32,"column":4}},"3":{"start":{"line":15,"column":25},"end":{"line":15,"column":53}},"4":{"start":{"line":21,"column":12},"end":{"line":24,"column":13}},"5":{"start":{"line":23,"column":14},"end":{"line":23,"column":76}},"6":{"start":{"line":26,"column":10},"end":{"line":26,"column":40}}},"fnMap":{"0":{"name":"(anonymous_0)","decl":{"start":{"line":4,"column":18},"end":{"line":4,"column":19}},"loc":{"start":{"line":4,"column":49},"end":{"line":33,"column":1}},"line":4},"1":{"name":"(anonymous_1)","decl":{"start":{"line":15,"column":18},"end":{"line":15,"column":19}},"loc":{"start":{"line":15,"column":25},"end":{"line":15,"column":53}},"line":15},"2":{"name":"(anonymous_2)","decl":{"start":{"line":19,"column":17},"end":{"line":19,"column":18}},"loc":{"start":{"line":19,"column":23},"end":{"line":27,"column":9}},"line":19},"3":{"name":"(anonymous_3)","decl":{"start":{"line":22,"column":24},"end":{"line":22,"column":25}},"loc":{"start":{"line":23,"column":14},"end":{"line":23,"column":76}},"line":23}},"branchMap":{"0":{"loc":{"start":{"line":21,"column":12},"end":{"line":24,"column":13}},"type":"binary-expr","locations":[{"start":{"line":21,"column":12},"end":{"line":21,"column":16}},{"start":{"line":22,"column":12},"end":{"line":24,"column":13}}],"line":21}},"s":{"0":1,"1":11,"2":11,"3":1,"4":1,"5":9,"6":1},"f":{"0":11,"1":1,"2":1,"3":9},"b":{"0":[1,1]},"_coverageSchema":"1a1c01bbd47fc00a2c39e90264f33305004495a9","hash":"cb408a601bd7109afad26c36cb44ca3829bf03b6"}
,"/Users/mj2/Documents/namasteReact/src/redux/store.js": {"path":"/Users/mj2/Documents/namasteReact/src/redux/store.js","statementMap":{"0":{"start":{"line":4,"column":14},"end":{"line":8,"column":2}}},"fnMap":{},"branchMap":{},"s":{"0":2},"f":{},"b":{},"_coverageSchema":"1a1c01bbd47fc00a2c39e90264f33305004495a9","hash":"3aba85379f871091bedacbc46d39937a77a61adb"}
}
