TN:
SF:src/components/Body.js
FN:12,(anonymous_0)
FN:22,(anonymous_1)
FN:48,(anonymous_2)
FN:51,(anonymous_3)
FN:57,(anonymous_4)
FN:71,(anonymous_5)
FN:93,(anonymous_6)
FN:96,(anonymous_7)
FN:132,(anonymous_8)
FNF:9
FNH:6
FNDA:10,(anonymous_0)
FNDA:4,(anonymous_1)
FNDA:0,(anonymous_2)
FNDA:0,(anonymous_3)
FNDA:0,(anonymous_4)
FNDA:80,(anonymous_5)
FNDA:1,(anonymous_6)
FNDA:9,(anonymous_7)
FNDA:21,(anonymous_8)
DA:12,1
DA:13,10
DA:14,10
DA:15,10
DA:17,10
DA:20,10
DA:22,10
DA:23,4
DA:29,4
DA:36,10
DA:37,0
DA:41,10
DA:42,0
DA:45,10
DA:46,10
DA:48,10
DA:49,0
DA:50,0
DA:51,0
DA:56,0
DA:57,0
DA:60,10
DA:72,80
DA:95,1
DA:96,9
DA:99,1
DA:133,21
LF:27
LH:20
BRDA:23,0,0,2
BRDA:23,0,1,2
BRDA:23,1,0,4
BRDA:23,1,1,2
BRDA:29,2,0,2
BRDA:29,2,1,2
BRDA:29,3,0,4
BRDA:29,3,1,2
BRDA:36,4,0,0
BRDA:36,4,1,10
BRDA:41,5,0,0
BRDA:41,5,1,10
BRDA:56,6,0,0
BRDA:56,6,1,0
BRDA:70,7,0,10
BRDA:70,7,1,0
BRF:16
BRH:11
end_of_record
TN:
SF:src/components/Cart.js
FN:5,(anonymous_0)
FN:6,(anonymous_1)
FN:8,(anonymous_2)
FN:14,(anonymous_3)
FNF:4
FNH:4
FNDA:3,(anonymous_0)
FNDA:6,(anonymous_1)
FNDA:6,(anonymous_2)
FNDA:6,(anonymous_3)
DA:5,1
DA:6,6
DA:8,3
DA:9,6
DA:14,6
DA:15,3
DA:16,3
DA:18,3
LF:8
LH:8
BRDA:9,0,0,6
BRDA:9,0,1,0
BRDA:22,1,0,3
BRDA:22,1,1,0
BRDA:22,2,0,3
BRDA:22,2,1,3
BRF:6
BRH:4
end_of_record
TN:
SF:src/components/CartItems.js
FN:9,(anonymous_0)
FN:11,(anonymous_1)
FN:15,(anonymous_2)
FN:22,(anonymous_3)
FN:65,(anonymous_4)
FN:76,(anonymous_5)
FNF:6
FNH:4
FNDA:3,(anonymous_0)
FNDA:1,(anonymous_1)
FNDA:0,(anonymous_2)
FNDA:6,(anonymous_3)
FNDA:0,(anonymous_4)
FNDA:1,(anonymous_5)
DA:9,1
DA:10,3
DA:11,3
DA:12,1
DA:15,3
DA:16,0
DA:18,3
DA:23,6
DA:65,0
DA:76,1
LF:10
LH:8
BRDA:20,0,0,3
BRDA:20,0,1,3
BRDA:20,0,2,3
BRDA:32,1,0,6
BRDA:32,1,1,0
BRDA:43,2,0,6
BRDA:43,2,1,0
BRDA:51,3,0,6
BRDA:51,3,1,0
BRF:9
BRH:6
end_of_record
TN:
SF:src/components/Header.js
FN:15,(anonymous_0)
FN:23,(anonymous_1)
FN:26,(anonymous_2)
FN:27,(anonymous_3)
FN:54,(anonymous_4)
FNF:5
FNH:5
FNDA:9,(anonymous_0)
FNDA:17,(anonymous_1)
FNDA:8,(anonymous_2)
FNDA:8,(anonymous_3)
FNDA:1,(anonymous_4)
DA:15,2
DA:16,9
DA:17,9
DA:19,9
DA:20,9
DA:23,17
DA:25,9
DA:26,8
DA:27,8
DA:29,9
DA:55,1
LF:11
LH:11
BRDA:55,0,0,1
BRDA:55,0,1,0
BRF:2
BRH:1
end_of_record
TN:
SF:src/components/RestaurantMenu.js
FN:8,(anonymous_0)
FN:16,(anonymous_1)
FN:53,(anonymous_2)
FNF:3
FNH:3
FNDA:8,(anonymous_0)
FNDA:72,(anonymous_1)
FNDA:60,(anonymous_2)
DA:8,1
DA:9,8
DA:10,8
DA:12,8
DA:15,8
DA:17,72
DA:21,8
DA:54,60
LF:8
LH:8
BRDA:12,0,0,0
BRDA:12,0,1,8
BRDA:52,1,0,8
BRDA:52,1,1,4
BRF:4
BRH:3
end_of_record
TN:
SF:src/components/RestaurantMenuItem.js
FN:7,(anonymous_0)
FN:10,(anonymous_1)
FNF:2
FNH:2
FNDA:60,(anonymous_0)
FNDA:548,(anonymous_1)
DA:7,1
DA:8,60
DA:11,548
LF:3
LH:3
BRDA:20,0,0,548
BRDA:20,0,1,68
BRDA:31,1,0,540
BRDA:31,1,1,8
BRDA:42,2,0,408
BRDA:42,2,1,140
BRF:6
BRH:6
end_of_record
TN:
SF:src/components/SearchBar.js
FN:4,(anonymous_0)
FN:15,(anonymous_1)
FN:19,(anonymous_2)
FN:22,(anonymous_3)
FNF:4
FNH:4
FNDA:11,(anonymous_0)
FNDA:1,(anonymous_1)
FNDA:1,(anonymous_2)
FNDA:9,(anonymous_3)
DA:4,1
DA:6,11
DA:8,11
DA:15,1
DA:21,1
DA:23,9
DA:26,1
LF:7
LH:7
BRDA:21,0,0,1
BRDA:21,0,1,1
BRF:2
BRH:2
end_of_record
TN:
SF:src/redux/store.js
FNF:0
FNH:0
DA:4,2
LF:1
LH:1
BRF:0
BRH:0
end_of_record
