TN:
SF:src/components/Contact.js
FN:1,(anonymous_0)
FNF:1
FNH:1
FNDA:4,(anonymous_0)
DA:1,1
DA:2,4
LF:2
LH:2
BRF:0
BRH:0
end_of_record
TN:
SF:src/components/Header.js
FN:15,(anonymous_0)
FN:23,(anonymous_1)
FN:26,(anonymous_2)
FN:27,(anonymous_3)
FN:54,(anonymous_4)
FNF:5
FNH:3
FNDA:4,(anonymous_0)
FNDA:7,(anonymous_1)
FNDA:0,(anonymous_2)
FNDA:0,(anonymous_3)
FNDA:1,(anonymous_4)
DA:15,1
DA:16,4
DA:17,4
DA:19,4
DA:20,4
DA:23,7
DA:25,4
DA:26,0
DA:27,0
DA:29,4
DA:55,1
LF:11
LH:9
BRDA:55,0,0,1
BRDA:55,0,1,0
BRF:2
BRH:1
end_of_record
TN:
SF:src/components/RestaurantCard.js
FN:4,(anonymous_0)
FN:47,(anonymous_1)
FN:48,(anonymous_2)
FNF:3
FNH:1
FNDA:1,(anonymous_0)
FNDA:0,(anonymous_1)
FNDA:0,(anonymous_2)
DA:4,1
DA:14,1
DA:16,1
DA:47,1
DA:48,0
DA:49,0
LF:6
LH:4
BRDA:25,0,0,1
BRDA:25,0,1,1
BRF:2
BRH:2
end_of_record
TN:
SF:src/components/SearchBar.js
FN:4,(anonymous_0)
FN:15,(anonymous_1)
FN:19,(anonymous_2)
FN:22,(anonymous_3)
FNF:4
FNH:0
FNDA:0,(anonymous_0)
FNDA:0,(anonymous_1)
FNDA:0,(anonymous_2)
FNDA:0,(anonymous_3)
DA:4,1
DA:5,0
DA:6,0
DA:7,0
DA:9,0
DA:15,0
DA:21,0
DA:23,0
DA:25,0
LF:9
LH:1
BRDA:21,0,0,0
BRDA:21,0,1,0
BRF:2
BRH:0
end_of_record
TN:
SF:src/components/sum.js
FN:1,(anonymous_0)
FNF:1
FNH:1
FNDA:1,(anonymous_0)
DA:1,1
DA:2,1
LF:2
LH:2
BRF:0
BRH:0
end_of_record
TN:
SF:src/redux/store.js
FNF:0
FNH:0
DA:4,1
LF:1
LH:1
BRF:0
BRH:0
end_of_record
TN:
SF:src/redux/slices/cartSlice.js
FN:9,(anonymous_0)
FN:11,(anonymous_1)
FN:17,(anonymous_2)
FN:19,(anonymous_3)
FN:23,(anonymous_4)
FN:26,(anonymous_5)
FN:28,(anonymous_6)
FN:32,(anonymous_7)
FN:34,(anonymous_8)
FNF:9
FNH:0
FNDA:0,(anonymous_0)
FNDA:0,(anonymous_1)
FNDA:0,(anonymous_2)
FNDA:0,(anonymous_3)
FNDA:0,(anonymous_4)
FNDA:0,(anonymous_5)
FNDA:0,(anonymous_6)
FNDA:0,(anonymous_7)
FNDA:0,(anonymous_8)
DA:3,1
DA:10,0
DA:11,0
DA:13,0
DA:14,0
DA:15,0
DA:18,0
DA:19,0
DA:21,0
DA:24,0
DA:27,0
DA:28,0
DA:30,0
DA:33,0
DA:34,0
DA:37,0
DA:38,0
DA:39,0
DA:50,1
LF:19
LH:2
BRDA:13,0,0,0
BRDA:13,0,1,0
BRDA:37,1,0,0
BRDA:37,1,1,0
BRF:4
BRH:0
end_of_record
TN:
SF:src/utils/constants.js
FNF:0
FNH:0
DA:2,2
DA:5,2
DA:8,2
DA:11,2
DA:14,2
DA:17,2
LF:6
LH:6
BRF:0
BRH:0
end_of_record
TN:
SF:src/utils/context/UserContext.js
FN:12,(anonymous_0)
FN:13,(anonymous_1)
FN:15,(anonymous_2)
FN:18,(anonymous_3)
FNF:4
FNH:2
FNDA:4,(anonymous_0)
FNDA:4,(anonymous_1)
FNDA:0,(anonymous_2)
FNDA:0,(anonymous_3)
DA:3,1
DA:7,1
DA:12,4
DA:13,4
DA:15,1
DA:16,0
DA:18,0
DA:19,0
DA:22,0
DA:25,0
LF:10
LH:5
BRF:0
BRH:0
end_of_record
TN:
SF:src/utils/customHook/useOnlineStatus.js
FN:3,(anonymous_0)
FN:6,(anonymous_1)
FN:7,(anonymous_2)
FN:10,(anonymous_3)
FNF:4
FNH:2
FNDA:4,(anonymous_0)
FNDA:3,(anonymous_1)
FNDA:0,(anonymous_2)
FNDA:0,(anonymous_3)
DA:3,1
DA:4,4
DA:6,4
DA:7,3
DA:8,0
DA:10,3
DA:11,0
DA:15,4
LF:8
LH:6
BRF:0
BRH:0
end_of_record
TN:
SF:src/utils/customHook/useRestaurantData.js
FN:4,(anonymous_0)
FN:7,(anonymous_1)
FN:11,(anonymous_2)
FNF:3
FNH:0
FNDA:0,(anonymous_0)
FNDA:0,(anonymous_1)
FNDA:0,(anonymous_2)
DA:4,1
DA:5,0
DA:7,0
DA:8,0
DA:11,0
DA:12,0
DA:13,0
DA:20,0
DA:22,0
LF:9
LH:1
BRDA:22,0,0,0
BRDA:22,0,1,0
BRDA:22,1,0,0
BRDA:22,1,1,0
BRF:4
BRH:0
end_of_record
